# JRE version: Java(TM) SE Runtime Environment (8.0_144-b01) (build 1.8.0_144-b01)
# Java VM: Java HotSpot(TM) 64-Bit Server VM (25.144-b01 mixed mode bsd-amd64 compressed oops)
Heap:
 PSYoungGen      total 38400K, used 32957K [0x0000000795580000, 0x000000079a080000, 0x00000007c0000000)
  eden space 33280K, 90% used [0x0000000795580000,0x00000007973076e0,0x0000000797600000)
  from space 5120K, 53% used [0x0000000797600000,0x00000007978a8020,0x0000000797b00000)
  to   space 5120K, 0% used [0x0000000799b80000,0x0000000799b80000,0x000000079a080000)
 ParOldGen       total 87552K, used 76526K [0x0000000740000000, 0x0000000745580000, 0x0000000795580000)
  object space 87552K, 87% used [0x0000000740000000,0x0000000744abbba8,0x0000000745580000)
 Metaspace       used 10560K, capacity 10828K, committed 11008K, reserved 1058816K
  class space    used 1153K, capacity 1268K, committed 1280K, reserved 1048576K
GC Heap History (6 events):
Event: 5.741 GC heap before
{Heap before GC invocations=1 (full 0):
 PSYoungGen      total 38400K, used 31450K [0x0000000795580000, 0x0000000798000000, 0x00000007c0000000)
  eden space 33280K, 94% used [0x0000000795580000,0x0000000797436888,0x0000000797600000)
  from space 5120K, 0% used [0x0000000797b00000,0x0000000797b00000,0x0000000798000000)
  to   space 5120K, 0% used [0x0000000797600000,0x0000000797600000,0x0000000797b00000)
 ParOldGen       total 87552K, used 0K [0x0000000740000000, 0x0000000745580000, 0x0000000795580000)
  object space 87552K, 0% used [0x0000000740000000,0x0000000740000000,0x0000000745580000)
 Metaspace       used 10066K, capacity 10308K, committed 10496K, reserved 1058816K
  class space    used 1123K, capacity 1226K, committed 1280K, reserved 1048576K
Event: 5.747 GC heap after
Heap after GC invocations=1 (full 0):
 PSYoungGen      total 38400K, used 5110K [0x0000000795580000, 0x0000000798000000, 0x00000007c0000000)
  eden space 33280K, 0% used [0x0000000795580000,0x0000000795580000,0x0000000797600000)
  from space 5120K, 99% used [0x0000000797600000,0x0000000797afd860,0x0000000797b00000)
  to   space 5120K, 0% used [0x0000000797b00000,0x0000000797b00000,0x0000000798000000)
 ParOldGen       total 87552K, used 548K [0x0000000740000000, 0x0000000745580000, 0x0000000795580000)
  object space 87552K, 0% used [0x0000000740000000,0x00000007400890c8,0x0000000745580000)
 Metaspace       used 10066K, capacity 10308K, committed 10496K, reserved 1058816K
  class space    used 1123K, capacity 1226K, committed 1280K, reserved 1048576K
}
Event: 5.837 GC heap before
{Heap before GC invocations=2 (full 0):
 PSYoungGen      total 38400K, used 31485K [0x0000000795580000, 0x0000000798000000, 0x00000007c0000000)
  eden space 33280K, 79% used [0x0000000795580000,0x0000000796f41d28,0x0000000797600000)
  from space 5120K, 99% used [0x0000000797600000,0x0000000797afd860,0x0000000797b00000)
  to   space 5120K, 0% used [0x0000000797b00000,0x0000000797b00000,0x0000000798000000)
 ParOldGen       total 87552K, used 548K [0x0000000740000000, 0x0000000745580000, 0x0000000795580000)
  object space 87552K, 0% used [0x0000000740000000,0x00000007400890c8,0x0000000745580000)
 Metaspace       used 10083K, capacity 10308K, committed 10496K, reserved 1058816K
  class space    used 1123K, capacity 1226K, committed 1280K, reserved 1048576K
Event: 5.844 GC heap after
Heap after GC invocations=2 (full 0):
 PSYoungGen      total 38400K, used 2784K [0x0000000795580000, 0x000000079a080000, 0x00000007c0000000)
  eden space 33280K, 0% used [0x0000000795580000,0x0000000795580000,0x0000000797600000)
  from space 5120K, 54% used [0x0000000797b00000,0x0000000797db8000,0x0000000798000000)
  to   space 5120K, 0% used [0x0000000797600000,0x0000000797600000,0x0000000797b00000)
 ParOldGen       total 87552K, used 12691K [0x0000000740000000, 0x0000000745580000, 0x0000000795580000)
  object space 87552K, 14% used [0x0000000740000000,0x0000000740c64f68,0x0000000745580000)
 Metaspace       used 10083K, capacity 10308K, committed 10496K, reserved 1058816K
  class space    used 1123K, capacity 1226K, committed 1280K, reserved 1048576K
}
Event: 5.946 GC heap before
{Heap before GC invocations=3 (full 0):
 PSYoungGen      total 38400K, used 36064K [0x0000000795580000, 0x000000079a080000, 0x00000007c0000000)
  eden space 33280K, 100% used [0x0000000795580000,0x0000000797600000,0x0000000797600000)
  from space 5120K, 54% used [0x0000000797b00000,0x0000000797db8000,0x0000000798000000)
  to   space 5120K, 0% used [0x0000000797600000,0x0000000797600000,0x0000000797b00000)
 ParOldGen       total 87552K, used 36963K [0x0000000740000000, 0x0000000745580000, 0x0000000795580000)
  object space 87552K, 42% used [0x0000000740000000,0x0000000742418c78,0x0000000745580000)
 Metaspace       used 10083K, capacity 10308K, committed 10496K, reserved 1058816K
  class space    used 1123K, capacity 1226K, committed 1280K, reserved 1048576K
Event: 5.949 GC heap after
Heap after GC invocations=3 (full 0):
 PSYoungGen      total 38400K, used 2720K [0x0000000795580000, 0x000000079a080000, 0x00000007c0000000)
  eden space 33280K, 0% used [0x0000000795580000,0x0000000795580000,0x0000000797600000)
  from space 5120K, 53% used [0x0000000797600000,0x00000007978a8020,0x0000000797b00000)
  to   space 5120K, 0% used [0x0000000799b80000,0x0000000799b80000,0x000000079a080000)
 ParOldGen       total 87552K, used 36971K [0x0000000740000000, 0x0000000745580000, 0x0000000795580000)
  object space 87552K, 42% used [0x0000000740000000,0x000000074241ac78,0x0000000745580000)
 Metaspace       used 10083K, capacity 10308K, committed 10496K, reserved 1058816K
  class space    used 1123K, capacity 1226K, committed 1280K, reserved 1048576K
}

